 --invoking executable--
/nfs/workspaces/public/cfour_mpi/bin/xjoda

  @GTFLGS-I, Hessian will be transformed to curvilinear coordinates.
  @GTFLGS-I, Hessian will be transformed to curvilinear coordinates.
   JODA restarting optimization with cycle #  0.
  igrd and ihes are                      0                     0
  gradient from JOBARC 
   0.000000000000000   0.000000000000000   0.448316854792613
   0.000000000000000   0.000000000000000  -0.448316854792613
 
  read isotopes from ZMAT file 
  masses used (in AMU) in vibrational analysis: 
  12.000000000     15.994914630
                     Normal Coordinate Analysis
  ----------------------------------------------------------------
    Irreducible         Harmonic       Infrared        Type 
   Representation       Frequency      Intensity 
  ----------------------------------------------------------------
                       (cm-1)         (km/mol)
  ----------------------------------------------------------------
      ----                 0.0000         0.0000      TRANSLATION
      ----                 0.0001         0.0000      TRANSLATION
      ----                 0.0001         0.0000      TRANSLATION
      ----              3241.8860         0.0925       ROTATION  
      ----              3241.8860         0.0925       ROTATION  
       SG+             15943.5492        72.4751       VIBRATION 
  ----------------------------------------------------------------
 
 
                                   Normal Coordinates 

               SG+
              ******* 
             VIBRATION 
 C      0.000 0.0000  0.7559
 O      0.000 0.0000 -0.6547
            Gradient vector in normal coordinate representation
         ----------------------------------------------------------
   i    W(I)     dE/dQ(i)     dE/dq      dE/dq     [dE/dQ(i)]/w(i)
                              (cm-1)      (eV)        (relative)
         ----------------------------------------------------------
    6 15943.55  0.1712154905   3265.47858      0.40487  -0.0001887856
         ----------------------------------------------------------
 
                      Normal modes in internal coordinates 
---------------------------------------------------------------------------
              0.000         0.000         0.000      3241.886      3241.886
---------------------------------------------------------------------------
r         -0.000000     -0.000000      0.000000      0.000000     -0.000000
---------------------------------------------------------------------------
 
  ----------------------------------------------------------------
                    Dipole Moment Function
                   (Normal Coordinate Basis)
  ----------------------------------------------------------------
    Mode     Symmetry    d(Mu(x))/dQ   d(Mu(y))/dQ   d(Mu(z))/dQ
  ----------------------------------------------------------------
     Q6         SG+        0.000000      0.000000      0.272660
  ----------------------------------------------------------------
---------------------------------------------------------------------------
------------------------------------------------------------
        Parameter                (MHz)                 (CM-1)
------------------------------------------------------------
 
           R6                0.000000E+00           0.000000E+00
           R5                0.000000E+00           0.000000E+00
           SI                            0.100000E+81
 
  A-reduced centrifugal distortion parameters (Ir representation) 
 
           DJ                0.339976E-02           0.113404E-06
           DK                0.339976E-02           0.113404E-06
           DJK               -.679951E-02           -.226807E-06
           DELJ              0.339976E-02           0.113404E-06
           DELK              0.339976E-02           0.113404E-06
           DELJK             -.679951E-02           -.226807E-06
           delJ              0.000000E+00           0.000000E+00
           delK              0.000000E+00           0.000000E+00
 
  S-reduced centrifugal distortion parameters (Ir representation) 
 
           DJ                0.339976E-02           0.113404E-06
           DK                0.339976E-02           0.113404E-06
           DJK               -.679951E-02           -.226807E-06
           D1                0.000000E+00           0.000000E+00
           D2                0.000000E+00           0.000000E+00
------------------------------------------------------------
  null vector returned from NORMAL
   Rotationally projected vibrational frequencies 
            1               0.0000i
            2               0.0000i
            3               0.0000 
            4               0.0000 
            5               0.0000 
            6           15943.5492 
  Zero-point energy:   22.7924 kcal/mol =   95.3636 kJ/mol =    7971.775 cm-1 
 
 @CHECKOUT-I, Total execution time (CPU/WALL):        0.08/       0.10 seconds.
--executable xjoda finished with status     0 in        0.12 seconds (walltime).
 --invoking executable--
/nfs/workspaces/public/cfour_mpi/bin/xvmol
 SERIAL VERSION OF MOLECULE STARTED
********************************************************************************
                    INPUT FROM MOL FILE
********************************************************************************
INTGRL        1    0    1    0    0    0    0    0    0                         
         *** CFOUR Program System (Release V0.1) ***                            
Carbon Monoxide DBOC calculation                                                
    2    2 X  Y       0.10E-08              0    0                              
   9999.00      3.00                                                            
          6.00000000    1    5    1    1    1    1    1                         
C #1  -0.000000000000000   0.000000000000000   1.218167698172089                
   16    9                                                                      
   33980.0000000000       9.100000000000000E-005 -1.900000000000000E-005        
  0.000000000000000E+000  0.000000000000000E+000  0.000000000000000E+000        
  0.000000000000000E+000  0.000000000000000E+000  0.000000000000000E+000        
  0.000000000000000E+000                                                        
   5089.00000000000       7.040000000000000E-004 -1.510000000000000E-004        
  0.000000000000000E+000  0.000000000000000E+000  0.000000000000000E+000        
  0.000000000000000E+000  0.000000000000000E+000  0.000000000000000E+000        
  0.000000000000000E+000                                                        
   1157.00000000000       3.693000000000000E-003 -7.850000000000000E-004        
  0.000000000000000E+000  0.000000000000000E+000  0.000000000000000E+000        
  0.000000000000000E+000  0.000000000000000E+000  0.000000000000000E+000        
  0.000000000000000E+000                                                        
   326.600000000000       1.536000000000000E-002 -3.324000000000000E-003        
  0.000000000000000E+000  0.000000000000000E+000  0.000000000000000E+000        
  0.000000000000000E+000  0.000000000000000E+000  0.000000000000000E+000        
  0.000000000000000E+000                                                        
   106.100000000000       5.292900000000000E-002 -1.151200000000000E-002        
  0.000000000000000E+000  0.000000000000000E+000  0.000000000000000E+000        
  0.000000000000000E+000  0.000000000000000E+000  0.000000000000000E+000        
  0.000000000000000E+000                                                        
   38.1100000000000       0.147043000000000      -3.416000000000000E-002        
  0.000000000000000E+000  0.000000000000000E+000  0.000000000000000E+000        
  0.000000000000000E+000  0.000000000000000E+000  0.000000000000000E+000        
  0.000000000000000E+000                                                        
   14.7500000000000       0.305631000000000      -7.717300000000001E-002        
  0.000000000000000E+000  0.000000000000000E+000  0.000000000000000E+000        
  0.000000000000000E+000  0.000000000000000E+000  0.000000000000000E+000        
  0.000000000000000E+000                                                        
   6.03500000000000       0.399345000000000      -0.141493000000000             
  0.000000000000000E+000  0.000000000000000E+000  0.000000000000000E+000        
  0.000000000000000E+000  0.000000000000000E+000  0.000000000000000E+000        
  0.000000000000000E+000                                                        
   2.53000000000000       0.217051000000000      -0.118019000000000             
  0.000000000000000E+000  0.000000000000000E+000  0.000000000000000E+000        
  0.000000000000000E+000  0.000000000000000E+000  0.000000000000000E+000        
  0.000000000000000E+000                                                        
  0.735500000000000       1.589400000000000E-002  0.273806000000000             
   1.00000000000000       0.000000000000000E+000  0.000000000000000E+000        
  0.000000000000000E+000  0.000000000000000E+000  0.000000000000000E+000        
  0.000000000000000E+000                                                        
  0.290500000000000      -3.084000000000000E-003  0.586510000000000             
  0.000000000000000E+000   1.00000000000000       0.000000000000000E+000        
  0.000000000000000E+000  0.000000000000000E+000  0.000000000000000E+000        
  0.000000000000000E+000                                                        
  0.111100000000000       9.779999999999999E-004  0.285430000000000             
  0.000000000000000E+000  0.000000000000000E+000   1.00000000000000             
  0.000000000000000E+000  0.000000000000000E+000  0.000000000000000E+000        
  0.000000000000000E+000                                                        
   7.21600000000000       0.000000000000000E+000  0.000000000000000E+000        
  0.000000000000000E+000  0.000000000000000E+000  0.000000000000000E+000        
   1.00000000000000       0.000000000000000E+000  0.000000000000000E+000        
  0.000000000000000E+000                                                        
   19.5700000000000       0.000000000000000E+000  0.000000000000000E+000        
  0.000000000000000E+000  0.000000000000000E+000  0.000000000000000E+000        
  0.000000000000000E+000   1.00000000000000       0.000000000000000E+000        
  0.000000000000000E+000                                                        
   53.0730000000000       0.000000000000000E+000  0.000000000000000E+000        
  0.000000000000000E+000  0.000000000000000E+000  0.000000000000000E+000        
  0.000000000000000E+000  0.000000000000000E+000   1.00000000000000             
  0.000000000000000E+000                                                        
  4.145000000000000E-002  0.000000000000000E+000  0.000000000000000E+000        
  0.000000000000000E+000  0.000000000000000E+000  0.000000000000000E+000        
  0.000000000000000E+000  0.000000000000000E+000  0.000000000000000E+000        
   1.00000000000000                                                             
   10    8                                                                      
   34.5100000000000       5.378000000000000E-003  0.000000000000000E+000        
  0.000000000000000E+000  0.000000000000000E+000  0.000000000000000E+000        
  0.000000000000000E+000  0.000000000000000E+000  0.000000000000000E+000        
   7.91500000000000       3.613200000000000E-002  0.000000000000000E+000        
  0.000000000000000E+000  0.000000000000000E+000  0.000000000000000E+000        
  0.000000000000000E+000  0.000000000000000E+000  0.000000000000000E+000        
   2.36800000000000       0.142493000000000       0.000000000000000E+000        
  0.000000000000000E+000  0.000000000000000E+000  0.000000000000000E+000        
  0.000000000000000E+000  0.000000000000000E+000  0.000000000000000E+000        
  0.813200000000000       0.342150000000000        1.00000000000000             
  0.000000000000000E+000  0.000000000000000E+000  0.000000000000000E+000        
  0.000000000000000E+000  0.000000000000000E+000  0.000000000000000E+000        
  0.289000000000000       0.463864000000000       0.000000000000000E+000        
   1.00000000000000       0.000000000000000E+000  0.000000000000000E+000        
  0.000000000000000E+000  0.000000000000000E+000  0.000000000000000E+000        
  0.100700000000000       0.250028000000000       0.000000000000000E+000        
  0.000000000000000E+000   1.00000000000000       0.000000000000000E+000        
  0.000000000000000E+000  0.000000000000000E+000  0.000000000000000E+000        
   8.18200000000000       0.000000000000000E+000  0.000000000000000E+000        
  0.000000000000000E+000  0.000000000000000E+000   1.00000000000000             
  0.000000000000000E+000  0.000000000000000E+000  0.000000000000000E+000        
   24.1860000000000       0.000000000000000E+000  0.000000000000000E+000        
  0.000000000000000E+000  0.000000000000000E+000  0.000000000000000E+000        
   1.00000000000000       0.000000000000000E+000  0.000000000000000E+000        
   71.4940000000000       0.000000000000000E+000  0.000000000000000E+000        
  0.000000000000000E+000  0.000000000000000E+000  0.000000000000000E+000        
  0.000000000000000E+000   1.00000000000000       0.000000000000000E+000        
  3.218000000000000E-002  0.000000000000000E+000  0.000000000000000E+000        
  0.000000000000000E+000  0.000000000000000E+000  0.000000000000000E+000        
  0.000000000000000E+000  0.000000000000000E+000   1.00000000000000             
    6    6                                                                      
   1.84800000000000        1.00000000000000       0.000000000000000E+000        
  0.000000000000000E+000  0.000000000000000E+000  0.000000000000000E+000        
  0.000000000000000E+000                                                        
  0.649000000000000       0.000000000000000E+000   1.00000000000000             
  0.000000000000000E+000  0.000000000000000E+000  0.000000000000000E+000        
  0.000000000000000E+000                                                        
  0.228000000000000       0.000000000000000E+000  0.000000000000000E+000        
   1.00000000000000       0.000000000000000E+000  0.000000000000000E+000        
  0.000000000000000E+000                                                        
   8.65600000000000       0.000000000000000E+000  0.000000000000000E+000        
  0.000000000000000E+000   1.00000000000000       0.000000000000000E+000        
  0.000000000000000E+000                                                        
   33.2130000000000       0.000000000000000E+000  0.000000000000000E+000        
  0.000000000000000E+000  0.000000000000000E+000   1.00000000000000             
  0.000000000000000E+000                                                        
  7.660000000000000E-002  0.000000000000000E+000  0.000000000000000E+000        
  0.000000000000000E+000  0.000000000000000E+000  0.000000000000000E+000        
   1.00000000000000                                                             
    4    4                                                                      
   1.41900000000000        1.00000000000000       0.000000000000000E+000        
  0.000000000000000E+000  0.000000000000000E+000                                
  0.485000000000000       0.000000000000000E+000   1.00000000000000             
  0.000000000000000E+000  0.000000000000000E+000                                
   24.6940000000000       0.000000000000000E+000  0.000000000000000E+000        
   1.00000000000000       0.000000000000000E+000                                
  0.187000000000000       0.000000000000000E+000  0.000000000000000E+000        
  0.000000000000000E+000   1.00000000000000                                     
    2    2                                                                      
   1.01100000000000        1.00000000000000       0.000000000000000E+000        
  0.424000000000000       0.000000000000000E+000   1.00000000000000             
          8.00000000    1    5    1    1    1    1    1                         
O #2   0.000000000000000   0.000000000000000  -0.913916248771193                
   16    9                                                                      
   61420.0000000000       9.000000000000001E-005 -2.000000000000000E-005        
  0.000000000000000E+000  0.000000000000000E+000  0.000000000000000E+000        
  0.000000000000000E+000  0.000000000000000E+000  0.000000000000000E+000        
  0.000000000000000E+000                                                        
   9199.00000000000       6.980000000000001E-004 -1.590000000000000E-004        
  0.000000000000000E+000  0.000000000000000E+000  0.000000000000000E+000        
  0.000000000000000E+000  0.000000000000000E+000  0.000000000000000E+000        
  0.000000000000000E+000                                                        
   2091.00000000000       3.664000000000000E-003 -8.290000000000000E-004        
  0.000000000000000E+000  0.000000000000000E+000  0.000000000000000E+000        
  0.000000000000000E+000  0.000000000000000E+000  0.000000000000000E+000        
  0.000000000000000E+000                                                        
   590.900000000000       1.521800000000000E-002 -3.508000000000000E-003        
  0.000000000000000E+000  0.000000000000000E+000  0.000000000000000E+000        
  0.000000000000000E+000  0.000000000000000E+000  0.000000000000000E+000        
  0.000000000000000E+000                                                        
   192.300000000000       5.242300000000000E-002 -1.215600000000000E-002        
  0.000000000000000E+000  0.000000000000000E+000  0.000000000000000E+000        
  0.000000000000000E+000  0.000000000000000E+000  0.000000000000000E+000        
  0.000000000000000E+000                                                        
   69.3200000000000       0.145921000000000      -3.626100000000000E-002        
  0.000000000000000E+000  0.000000000000000E+000  0.000000000000000E+000        
  0.000000000000000E+000  0.000000000000000E+000  0.000000000000000E+000        
  0.000000000000000E+000                                                        
   26.9700000000000       0.305258000000000      -8.299200000000000E-002        
  0.000000000000000E+000  0.000000000000000E+000  0.000000000000000E+000        
  0.000000000000000E+000  0.000000000000000E+000  0.000000000000000E+000        
  0.000000000000000E+000                                                        
   11.1000000000000       0.398508000000000      -0.152090000000000             
  0.000000000000000E+000  0.000000000000000E+000  0.000000000000000E+000        
  0.000000000000000E+000  0.000000000000000E+000  0.000000000000000E+000        
  0.000000000000000E+000                                                        
   4.68200000000000       0.216980000000000      -0.115331000000000             
  0.000000000000000E+000  0.000000000000000E+000  0.000000000000000E+000        
  0.000000000000000E+000  0.000000000000000E+000  0.000000000000000E+000        
  0.000000000000000E+000                                                        
   1.42800000000000       1.759400000000000E-002  0.288979000000000             
   1.00000000000000       0.000000000000000E+000  0.000000000000000E+000        
  0.000000000000000E+000  0.000000000000000E+000  0.000000000000000E+000        
  0.000000000000000E+000                                                        
  0.554700000000000      -2.502000000000000E-003  0.586128000000000             
  0.000000000000000E+000   1.00000000000000       0.000000000000000E+000        
  0.000000000000000E+000  0.000000000000000E+000  0.000000000000000E+000        
  0.000000000000000E+000                                                        
  0.206700000000000       9.540000000000000E-004  0.277624000000000             
  0.000000000000000E+000  0.000000000000000E+000   1.00000000000000             
  0.000000000000000E+000  0.000000000000000E+000  0.000000000000000E+000        
  0.000000000000000E+000                                                        
   12.9740000000000       0.000000000000000E+000  0.000000000000000E+000        
  0.000000000000000E+000  0.000000000000000E+000  0.000000000000000E+000        
   1.00000000000000       0.000000000000000E+000  0.000000000000000E+000        
  0.000000000000000E+000                                                        
   34.9000000000000       0.000000000000000E+000  0.000000000000000E+000        
  0.000000000000000E+000  0.000000000000000E+000  0.000000000000000E+000        
  0.000000000000000E+000   1.00000000000000       0.000000000000000E+000        
  0.000000000000000E+000                                                        
   93.8810000000000       0.000000000000000E+000  0.000000000000000E+000        
  0.000000000000000E+000  0.000000000000000E+000  0.000000000000000E+000        
  0.000000000000000E+000  0.000000000000000E+000   1.00000000000000             
  0.000000000000000E+000                                                        
  6.959000000000000E-002  0.000000000000000E+000  0.000000000000000E+000        
  0.000000000000000E+000  0.000000000000000E+000  0.000000000000000E+000        
  0.000000000000000E+000  0.000000000000000E+000  0.000000000000000E+000        
   1.00000000000000                                                             
   10    8                                                                      
   63.4200000000000       6.044000000000000E-003  0.000000000000000E+000        
  0.000000000000000E+000  0.000000000000000E+000  0.000000000000000E+000        
  0.000000000000000E+000  0.000000000000000E+000  0.000000000000000E+000        
   14.6600000000000       4.179900000000000E-002  0.000000000000000E+000        
  0.000000000000000E+000  0.000000000000000E+000  0.000000000000000E+000        
  0.000000000000000E+000  0.000000000000000E+000  0.000000000000000E+000        
   4.45900000000000       0.161143000000000       0.000000000000000E+000        
  0.000000000000000E+000  0.000000000000000E+000  0.000000000000000E+000        
  0.000000000000000E+000  0.000000000000000E+000  0.000000000000000E+000        
   1.53100000000000       0.356731000000000        1.00000000000000             
  0.000000000000000E+000  0.000000000000000E+000  0.000000000000000E+000        
  0.000000000000000E+000  0.000000000000000E+000  0.000000000000000E+000        
  0.530200000000000       0.448309000000000       0.000000000000000E+000        
   1.00000000000000       0.000000000000000E+000  0.000000000000000E+000        
  0.000000000000000E+000  0.000000000000000E+000  0.000000000000000E+000        
  0.175000000000000       0.244940000000000       0.000000000000000E+000        
  0.000000000000000E+000   1.00000000000000       0.000000000000000E+000        
  0.000000000000000E+000  0.000000000000000E+000  0.000000000000000E+000        
   14.4750000000000       0.000000000000000E+000  0.000000000000000E+000        
  0.000000000000000E+000  0.000000000000000E+000   1.00000000000000             
  0.000000000000000E+000  0.000000000000000E+000  0.000000000000000E+000        
   42.7300000000000       0.000000000000000E+000  0.000000000000000E+000        
  0.000000000000000E+000  0.000000000000000E+000  0.000000000000000E+000        
   1.00000000000000       0.000000000000000E+000  0.000000000000000E+000        
   126.140000000000       0.000000000000000E+000  0.000000000000000E+000        
  0.000000000000000E+000  0.000000000000000E+000  0.000000000000000E+000        
  0.000000000000000E+000   1.00000000000000       0.000000000000000E+000        
  5.348000000000000E-002  0.000000000000000E+000  0.000000000000000E+000        
  0.000000000000000E+000  0.000000000000000E+000  0.000000000000000E+000        
  0.000000000000000E+000  0.000000000000000E+000   1.00000000000000             
    6    6                                                                      
   3.77500000000000        1.00000000000000       0.000000000000000E+000        
  0.000000000000000E+000  0.000000000000000E+000  0.000000000000000E+000        
  0.000000000000000E+000                                                        
   1.30000000000000       0.000000000000000E+000   1.00000000000000             
  0.000000000000000E+000  0.000000000000000E+000  0.000000000000000E+000        
  0.000000000000000E+000                                                        
  0.444000000000000       0.000000000000000E+000  0.000000000000000E+000        
   1.00000000000000       0.000000000000000E+000  0.000000000000000E+000        
  0.000000000000000E+000                                                        
   14.9270000000000       0.000000000000000E+000  0.000000000000000E+000        
  0.000000000000000E+000   1.00000000000000       0.000000000000000E+000        
  0.000000000000000E+000                                                        
   57.5440000000000       0.000000000000000E+000  0.000000000000000E+000        
  0.000000000000000E+000  0.000000000000000E+000   1.00000000000000             
  0.000000000000000E+000                                                        
  0.154000000000000       0.000000000000000E+000  0.000000000000000E+000        
  0.000000000000000E+000  0.000000000000000E+000  0.000000000000000E+000        
   1.00000000000000                                                             
    4    4                                                                      
   2.66600000000000        1.00000000000000       0.000000000000000E+000        
  0.000000000000000E+000  0.000000000000000E+000                                
  0.859000000000000       0.000000000000000E+000   1.00000000000000             
  0.000000000000000E+000  0.000000000000000E+000                                
   26.4830000000000       0.000000000000000E+000  0.000000000000000E+000        
   1.00000000000000       0.000000000000000E+000                                
  0.324000000000000       0.000000000000000E+000  0.000000000000000E+000        
  0.000000000000000E+000   1.00000000000000                                     
    2    2                                                                      
   1.84600000000000        1.00000000000000       0.000000000000000E+000        
  0.714000000000000       0.000000000000000E+000   1.00000000000000             
FINISH                                                                          
 
********************************************************************************
 ONE- AND TWO-ELECTRON INTEGRALS OVER SYMMETRY-ADAPTED AOS ARE CALCULATED.

  SPHERICAL HARMONICS ARE USED.
  
  INTEGRALS LESS THAN  0.10E-13 ARE NEGLECTED.

  NUCLEAR REPULSION ENERGY :   22.5131848438 A.U.
  @MOLECU-I, ONE ELECTRON INTEGRALS (CPU/WALL):        0.06/       0.06 SECONDS.
  @TWOEL-I,    4595968 INTEGRALS OF SYMMETRY TYPE  I I I I
  @TWOEL-I,   19727067 INTEGRALS OF SYMMETRY TYPE  I J I J
  @TWOEL-I,   10395446 INTEGRALS OF SYMMETRY TYPE  I I J J
  @TWOEL-I,   14595839 INTEGRALS OF SYMMETRY TYPE  I J K L
  @TWOEL-I, TOTAL NUMBER OF 2-E INTEGRALS   49314320.
  @MOLECU-I, TWO ELECTRON INTEGRALS (CPU/WALL):      151.87/      20.62 SECONDS.
 @CHECKOUT-I, Total execution time (CPU/WALL):      151.96/      20.72 seconds.

Running with 14 threads/proc

--executable xvmol finished with status     0 in       20.75 seconds (walltime).
 --invoking executable--
/nfs/workspaces/public/cfour_mpi/bin/xvmol2ja
 @GETMEM-I,  Allocated    3814 MB of main memory.
 @CHECKOUT-I, Total execution time (CPU/WALL):        0.31/       0.06 seconds.
--executable xvmol2ja finished with status     0 in        0.08 seconds (walltime).
 --invoking executable--
/nfs/workspaces/public/cfour_mpi/bin/xvscf
  There are  218 functions in the AO basis.

  There are 4 irreducible representations.

       Irrep        # of functions
         1                 86
         2                 52
         3                 52
         4                 28


  Parameters for SCF calculation: 
        SCF reference function:  RHF  
  Maximum number of iterations:  150
     Full symmetry point group: CXv 
     Computational point group: C2v 
        Initial density matrix: MOREAD                 
     SCF convergence tolerance: 10**(-10)
  DIIS convergence acceleration:  ON
          Latest start for DIIS:   8
                     DIIS order:   6

     Alpha population by irrep:   5    1    1    0
      Beta population by irrep:   5    1    1    0


  Memory information:    2523578 words required.
  Fock matrices are constructed from AO integral file.
 @GETMEM-I,  Allocated      19 MB of main memory.
  Initialization and symmetry analysis required      0.001 seconds.

 total no. of electrons in initial guess :  0.000000000000000E+000
  --------------------------------------------------------------------
  Iteration         Total Energy            Largest Density Difference
  --------------------------------------------------------------------
       0          -112.789281333721064              0.0000000000D+00
   current occupation vector 
     5  1  1  0
     5  1  1  0
     E(SCF)=      -112.789281333721831              0.7191136575D-10

   current occupation vector 
     5  1  1  0
     5  1  1  0

  SCF has converged.

 Density matrix saved to file den.dat
 total electron number:   14.0000000000003     
     E(SCF)=      -112.789281333721888              0.5093311883D-10

  Eigenvector printing suppressed.

 @PUTMOS-I, Writing converged MOs to NEWMOS. 
 @PUTMOS-I, Symmetry   1 Full Blocks 21 Partial Blocksize   2
 @PUTMOS-I, Symmetry   2 Full Blocks 13 Partial Blocksize   0
 @PUTMOS-I, Symmetry   3 Full Blocks 13 Partial Blocksize   0
 @PUTMOS-I, Symmetry   4 Full Blocks  7 Partial Blocksize   0
 @PUTMOS-I, NEWMOS already exists and will be deleted. 
 @PUTFOCK-I, Writing converged Fock matrix to NEWFOCK. 
 @PUTFOCK-I, Symmetry   1 Full Blocks 21 Partial Blocksize   2
 @PUTFOCK-I, Symmetry   2 Full Blocks 13 Partial Blocksize   0
 @PUTFOCK-I, Symmetry   3 Full Blocks 13 Partial Blocksize   0
 @PUTFOCK-I, Symmetry   4 Full Blocks  7 Partial Blocksize   0
 @PUTFOCK-I, NEWFOCK already exists and will be deleted. 


 
  ORBITAL EIGENVALUES (ALPHA)  (1H = 27.2113834 eV)

       MO #        E(hartree)               E(eV)           FULLSYM    COMPSYM
       ----   --------------------   --------------------   -------   ---------
    1     1         -20.6652459551        -562.3299307384     SG+        A1 (1)
    2     2         -11.3603695875        -309.1313724118     SG+        A1 (1)
    3     3          -1.5217416150         -41.4086945219     SG+        A1 (1)
    4     4          -0.8046428223         -21.8954443388     SG+        A1 (1)
    5   139          -0.6403540778         -17.4249203233      PI        B2 (3)
    6    87          -0.6403540778         -17.4249203233      PI        B1 (2)
    7     5          -0.5549551699         -15.1010978993     SG+        A1 (1)
  +++++++++++++++++++++++++++++++++++++++++++++++++++++++++++++++++++++++++++++
    8     6           0.0600931577           1.6352179547     SG+        A1 (1)
    9   140           0.0627927496           1.7086775830      PI        B2 (3)
   10    88           0.0627927496           1.7086775830      PI        B1 (2)
   11     7           0.0746838959           2.0322521243     SG+        A1 (1)
   12   141           0.1411523428           3.8409505180      PI        B2 (3)
   13    89           0.1411523428           3.8409505180      PI        B1 (2)
   14     8           0.1563176068           4.2536183317     SG+        A1 (1)
   15    90           0.1668121459           4.5391892566      PI        B1 (2)
   16   142           0.1668121459           4.5391892566      PI        B2 (3)
   17   191           0.2278948688           6.2013346504      DE        A2 (4)
   18     9           0.2278948688           6.2013346504      DE        A1 (1)
   19    10           0.2280255450           6.2048905302     SG+        A1 (1)
   20    11           0.3012594845           8.1976873350     SG+        A1 (1)
   21   143           0.3207429036           8.7278581236      PI        B2 (3)
   22    91           0.3207429036           8.7278581236      PI        B1 (2)
   23    12           0.3917567814          10.6602439786     SG+        A1 (1)
   24   144           0.3958132841          10.7706270282      PI        B2 (3)
   25    92           0.3958132841          10.7706270282      PI        B1 (2)
   26    13           0.5083729311          13.8335307380     SG+        A1 (1)
   27   192           0.5345932848          14.5470228348      DE        A2 (4)
   28    14           0.5345932848          14.5470228348      DE        A1 (1)
   29    93           0.6231224844          16.9560248291      PI        B1 (2)
   30   145           0.6231224844          16.9560248291      PI        B2 (3)
   31    15           0.6451411714          17.5551837609     SG+        A1 (1)
   32   146           0.7487797905          20.3753339616      PH        B2 (3)
   33    94           0.7487797905          20.3753339616      PH        B1 (2)
   34    16           0.7686021243          20.9147270871      DE        A1 (1)
   35   193           0.7686021243          20.9147270871      DE        A2 (4)
   36    17           0.7799377232          21.2231844132     SG+        A1 (1)
   37   147           0.8234492463          22.4071931517      PI        B2 (3)
   38    95           0.8234492463          22.4071931517      PI        B1 (2)
   39    18           0.8723584052          23.7380790253     SG+        A1 (1)
   40   148           0.8810564188          23.9747640097      PI        B2 (3)
   41    96           0.8810564188          23.9747640098      PI        B1 (2)
   42    19           0.8911365428          24.2490581286      DE        A1 (1)
   43   194           0.8911365428          24.2490581286      DE        A2 (4)
   44    20           0.9105566827          24.7775070000     SG+        A1 (1)
   45   149           1.0769071845          29.3041342823      PI        B2 (3)
   46    97           1.0769071845          29.3041342823      PI        B1 (2)
   47    21           1.1958322647          32.5402502376     SG+        A1 (1)
   48   150           1.4475533376          39.3899288615      PH        B2 (3)
   49    98           1.4475533376          39.3899288615      PH        B1 (2)
   50    22           1.4742919738          40.1175241417     SG+        A1 (1)
   51    23           1.5176128211          41.2963443273      DE        A1 (1)
   52   195           1.5176128211          41.2963443273      DE        A2 (4)
   53    99           1.5537240363          42.2789804502      PI        B1 (2)
   54   151           1.5537240363          42.2789804502      PI        B2 (3)
   55    24           1.6672797508          45.3689885338     SG+        A1 (1)
   56    25           1.7690345498          48.1378773828      DE        A1 (1)
   57   196           1.7690345498          48.1378773829      DE        A2 (4)
   58    26           1.7707273570          48.1839410088     SG+        A1 (1)
   59   152           1.8056618536          49.1345569888      PI        B2 (3)
   60   100           1.8056618536          49.1345569888      PI        B1 (2)
   61   153           1.9685926277          53.5681287513      PI        B2 (3)
   62   101           1.9685926277          53.5681287513      PI        B1 (2)
   63   197           2.1056530527          57.2977325246      PI        A2 (4)
   64    27           2.1056530527          57.2977325246      PI        A1 (1)
   65    28           2.1354189692          58.1077042897     SG+        A1 (1)
   66    29           2.1960118624          59.7565207387      DE        A1 (1)
   67   198           2.1960118624          59.7565207387      DE        A2 (4)
   68   102           2.2519113928          61.2776242913      PH        B1 (2)
   69   154           2.2519113928          61.2776242913      PH        B2 (3)
   70    30           2.3157689186          63.0152759111     SG+        A1 (1)
   71   155           2.3250419199          63.2676071034      PI        B2 (3)
   72   103           2.3250419199          63.2676071034      PI        B1 (2)
   73   156           2.3632298265          64.3067528700      PH        B2 (3)
   74   104           2.3632298265          64.3067528700      PH        B1 (2)
   75    31           2.3644806998          64.3407908654      DE        A1 (1)
   76   199           2.3644806998          64.3407908654      DE        A2 (4)
   77    32           2.4867444551          67.6677567863     SG+        A1 (1)
   78   157           2.5980003208          70.6951828028      PI        B2 (3)
   79   105           2.5980003208          70.6951828028      PI        B1 (2)
   80   106           2.8323483199          77.0721160543      PI        B1 (2)
   81   158           2.8323483199          77.0721160543      PI        B2 (3)
   82    33           2.9426200400          80.0727621085     SG+        A1 (1)
   83    34           3.0094085421          81.8901696475      DE        A1 (1)
   84   200           3.0094085421          81.8901696477      DE        A2 (4)
   85    35           3.4750879306          94.5619500283     SG+        A1 (1)
   86   201           3.7237151576         101.3274408255      PI        A2 (4)
   87    36           3.7237151576         101.3274408255      PI        A1 (1)
   88   159           3.7508826792         102.0667066718      PI        B2 (3)
   89   107           3.7508826792         102.0667066719      PI        B1 (2)
   90    37           3.9472790040         107.4109223638     SG+        A1 (1)
   91   160           4.0827080595         111.0961343172      PH        B2 (3)
   92   108           4.0827080595         111.0961343172      PH        B1 (2)
   93    38           4.1765203319         113.6488960279      DE        A1 (1)
   94   202           4.1765203319         113.6488960279      DE        A2 (4)
   95   161           4.2105677693         114.5753739028      PI        B2 (3)
   96   109           4.2105677693         114.5753739028      PI        B1 (2)
   97    39           4.2723139563         116.2555730711     SG+        A1 (1)
   98   110           4.2841528891         116.5777268090      PH        B1 (2)
   99   162           4.2841528891         116.5777268090      PH        B2 (3)
  100    40           4.3818852948         119.2371607723      DE        A1 (1)
  101   203           4.3818852948         119.2371607724      DE        A2 (4)
  102    41           4.5353978590         123.4144500135     SG+        A1 (1)
  103   163           4.7638251772         129.6302733464      PI        B2 (3)
  104   111           4.7638251772         129.6302733465      PI        B1 (2)
  105    42           5.0138249176         136.4331121327     SG+        A1 (1)
  106   112           5.1306228187         139.6113446002      PI        B1 (2)
  107   164           5.1306228187         139.6113446002      PI        B2 (3)
  108    43           5.1524140977         140.2043154470      DE        A1 (1)
  109   204           5.1524140977         140.2043154470      DE        A2 (4)
  110   113           5.8165339539         158.2759354781      PI        B1 (2)
  111   165           5.8165339539         158.2759354781      PI        B2 (3)
  112    44           5.8538601801         159.2916337307     SG+        A1 (1)
  113   205           5.9010627764         160.5760816765      PI        A2 (4)
  114    45           5.9010627764         160.5760816765      PI        A1 (1)
  115   166           6.1365249427         166.9833329594      PH        B2 (3)
  116   114           6.1365249427         166.9833329594      PH        B1 (2)
  117    46           6.2326323228         169.5985477259     SG+        A1 (1)
  118    47           6.3058479550         171.5908463647      DE        A1 (1)
  119   206           6.3058479550         171.5908463647      DE        A2 (4)
  120   167           6.3285337662         172.2081586719      PI        B2 (3)
  121   115           6.3285337662         172.2081586719      PI        B1 (2)
  122   168           6.4435781461         175.3386754014      PH        B2 (3)
  123   116           6.4435781461         175.3386754014      PH        B1 (2)
  124   207           6.5907477216         179.3433631449      DE        A2 (4)
  125    48           6.5907477216         179.3433631450      DE        A1 (1)
  126    49           7.0560569448         192.0050708163     SG+        A1 (1)
  127   208           7.3513529907         200.0404847381      DE        A2 (4)
  128    50           7.3513529907         200.0404847381      DE        A1 (1)
  129   169           7.4941436508         203.9260161362      PI        B2 (3)
  130   117           7.4941436508         203.9260161362      PI        B1 (2)
  131    51           7.7957714273         212.1337252083     SG+        A1 (1)
  132    52           8.2568982988         224.6816253042     SG+        A1 (1)
  133   170           8.4904974011         231.0381800388      PI        B2 (3)
  134   118           8.4904974011         231.0381800389      PI        B1 (2)
  135   119          10.1227094111         275.4529268328      PI        B1 (2)
  136   171          10.1227094111         275.4529268330      PI        B2 (3)
  137    53          10.5212262157         286.2971203927     SG+        A1 (1)
  138   209          10.6018701008         288.4915520705      PI        A2 (4)
  139    54          10.6018701008         288.4915520705      PI        A1 (1)
  140   172          10.8826099063         296.1308705542      PH        B2 (3)
  141   120          10.8826099063         296.1308705542      PH        B1 (2)
  142    55          11.1356271341         303.0158193443      DE        A1 (1)
  143   210          11.1356271341         303.0158193444      DE        A2 (4)
  144    56          11.1576857946         303.6160660146     SG+        A1 (1)
  145   173          11.3739341170         309.5004820233      PI        B2 (3)
  146   121          11.3739341170         309.5004820233      PI        B1 (2)
  147    57          11.6241347070         316.3087862047     SG+        A1 (1)
  148   174          11.8549528683         322.5896676877      PH        B2 (3)
  149   122          11.8549528683         322.5896676877      PH        B1 (2)
  150   211          12.2931595953         334.5138789463      DE        A2 (4)
  151    58          12.2931595953         334.5138789464      DE        A1 (1)
  152   123          12.6475807578         344.1581690829      PI        B1 (2)
  153   175          12.6475807578         344.1581690829      PI        B2 (3)
  154    59          12.8787613762         350.4489135246      DE        A1 (1)
  155   212          12.8787613762         350.4489135246      DE        A2 (4)
  156    60          13.3187360908         362.4212341709     SG+        A1 (1)
  157   124          14.1879210855         386.0729603071      PI        B1 (2)
  158   176          14.1879210855         386.0729603071      PI        B2 (3)
  159    61          15.6009289950         424.5228602784     SG+        A1 (1)
  160    62          18.0448253687         491.0246614941     SG+        A1 (1)
  161   125          19.4160453536         528.3374542294      PI        B1 (2)
  162   177          19.4160453536         528.3374542296      PI        B2 (3)
  163    63          20.6807692435         562.7523408911     SG+        A1 (1)
  164   213          26.5391999775         722.1683457169      DE        A2 (4)
  165    64          26.5391999775         722.1683457170      DE        A1 (1)
  166   178          27.0291796018         735.5013691329      PI        B2 (3)
  167   126          27.0291796018         735.5013691329      PI        B1 (2)
  168    65          28.2467882093         768.6341837814     SG+        A1 (1)
  169   127          33.7976506855         919.6808308213      PI        B1 (2)
  170   179          33.7976506855         919.6808308225      PI        B2 (3)
  171    66          35.0154201918         952.8180237509     SG+        A1 (1)
  172    67          36.8474128914        1002.6690794860     SG+        A1 (1)
  173    68          47.1236018220        1282.2983963667      DE        A1 (1)
  174   214          47.1236018220        1282.2983963668      DE        A2 (4)
  175   128          47.7278534669        1298.7409195465      PI        B1 (2)
  176   180          47.7278534669        1298.7409195466      PI        B2 (3)
  177    69          48.5922247078        1322.2616567836     SG+        A1 (1)
  178    70          64.2381064415        1748.0077432701     SG+        A1 (1)
  179   129          66.8592496282        1819.3326754692      PI        B1 (2)
  180   181          66.8592496282        1819.3326754693      PI        B2 (3)
  181    71          67.8349868460        1845.8838350012     SG+        A1 (1)
  182   130          98.6770221240        2685.1382817858      PH        B1 (2)
  183   182          98.6770221240        2685.1382817858      PH        B2 (3)
  184    72          98.6999523176        2685.7622440773      DE        A1 (1)
  185   215          98.6999523176        2685.7622440773      DE        A2 (4)
  186   131          98.7691850399        2687.6461622261      PI        B1 (2)
  187   183          98.7691850399        2687.6461622261      PI        B2 (3)
  188    73          98.7804757115        2687.9533970199     SG+        A1 (1)
  189   184         103.2842917735        2810.5084626470      PH        B2 (3)
  190   132         103.2842917735        2810.5084626470      PH        B1 (2)
  191    74         103.3352945220        2811.8963179910      DE        A1 (1)
  192   216         103.3352945221        2811.8963179915      DE        A2 (4)
  193   133         103.3629583359        2812.6490886360      PI        B1 (2)
  194   185         103.3629583359        2812.6490886360      PI        B2 (3)
  195    75         103.4260969394        2814.3671773840     SG+        A1 (1)
  196    76         115.1913646977        3134.5163891585      DE        A1 (1)
  197   217         115.1913646977        3134.5163891585      DE        A2 (4)
  198   186         115.4304806440        3141.0230648506      PI        B2 (3)
  199   134         115.4304806440        3141.0230648507      PI        B1 (2)
  200    77         116.0483726626        3157.8367614689     SG+        A1 (1)
  201   135         117.0461031726        3184.9863889050      PI        B1 (2)
  202   187         117.0461031726        3184.9863889059      PI        B2 (3)
  203    78         118.0848925588        3213.2532851643     SG+        A1 (1)
  204    79         122.9347951044        3345.2258427870     SG+        A1 (1)
  205    80         198.5801810017        5403.6414408786      DE        A1 (1)
  206   218         198.5801810017        5403.6414408787      DE        A2 (4)
  207   188         198.9077018667        5412.5537367066      PI        B2 (3)
  208   136         198.9077018667        5412.5537367067      PI        B1 (2)
  209    81         199.3409480496        5424.3429646959     SG+        A1 (1)
  210    82         216.7155425366        5897.1297167021     SG+        A1 (1)
  211   137         225.2709252263        6129.9335152064      PI        B1 (2)
  212   189         225.2709252263        6129.9335152066      PI        B2 (3)
  213    83         226.0695994522        6151.6665457788     SG+        A1 (1)
  214   138         395.5041241633       10762.2143588891      PI        B1 (2)
  215   190         395.5041241633       10762.2143588897      PI        B2 (3)
  216    84         396.3604089266       10785.5150518817     SG+        A1 (1)
  217    85         509.4652053179       13863.2530308651     SG+        A1 (1)
  218    86         895.5470047002       24369.0728976196     SG+        A1 (1)


  VSCF finished.

 @CHECKOUT-I, Total execution time (CPU/WALL):        7.67/       1.24 seconds.
--executable xvscf finished with status     0 in        1.26 seconds (walltime).
 --invoking executable--
/nfs/workspaces/public/cfour_mpi/bin/xvtran
 @GETMEM-I,  Allocated    3814 MB of main memory.
  Full RHF integral transformation
  Transformation of IIII integrals :
  1 pass through the AO integral file was required.
     4595968 AO integrals were read.
     8824534 MO integrals were written to HF2.
  Transformation of IIJJ integrals :
  1 pass through the AO integral file was required.
    10395446 AO integrals were read.
    14632804 MO integrals were written to HF2.
  Transformation of IJIJ integrals :
  1 pass through the AO integral file was required.
    19727067 AO integrals were read.
    27501922 MO integrals were written to HF2.
  Transformation of IJKL integrals :
  1 pass through the AO integral file was required.
    14595839 AO integrals were read.
    18566129 MO integrals were written to HF2.
  Summary of active molecular orbitals: 
------------------------------------------------------------------------
 
  Index      Eigenvalue    Symmetry    Index      Eigenvalue    Symmetry
------------------------------------------------------------------------
     1       -20.6652460        1       110         4.2105678        2
     2       -11.3603696        1       111         4.2841529        2
     3        -1.5217416        1       112         4.7638252        2
     4        -0.8046428        1       113         5.1306228        2
     5        -0.5549552        1       114         5.8165340        2
     6        -0.6403541        2       115         6.1365249        2
     7        -0.6403541        3       116         6.3285338        2
     8         0.0600932        1       117         6.4435781        2
     9         0.0746839        1       118         7.4941437        2
    10         0.1563176        1       119         8.4904974        2
    11         0.2278949        1       120        10.1227094        2
    12         0.2280255        1       121        10.8826099        2
    13         0.3012595        1       122        11.3739341        2
    14         0.3917568        1       123        11.8549529        2
    15         0.5083729        1       124        12.6475808        2
    16         0.5345933        1       125        14.1879211        2
    17         0.6451412        1       126        19.4160454        2
    18         0.7686021        1       127        27.0291796        2
    19         0.7799377        1       128        33.7976507        2
    20         0.8723584        1       129        47.7278535        2
    21         0.8911365        1       130        66.8592496        2
    22         0.9105567        1       131        98.6770221        2
    23         1.1958323        1       132        98.7691850        2
    24         1.4742920        1       133       103.2842918        2
    25         1.5176128        1       134       103.3629583        2
    26         1.6672798        1       135       115.4304806        2
    27         1.7690345        1       136       117.0461032        2
    28         1.7707274        1       137       198.9077019        2
    29         2.1056531        1       138       225.2709252        2
    30         2.1354190        1       139       395.5041242        2
    31         2.1960119        1       140         0.0627927        3
    32         2.3157689        1       141         0.1411523        3
    33         2.3644807        1       142         0.1668121        3
    34         2.4867445        1       143         0.3207429        3
    35         2.9426200        1       144         0.3958133        3
    36         3.0094085        1       145         0.6231225        3
    37         3.4750879        1       146         0.7487798        3
    38         3.7237152        1       147         0.8234492        3
    39         3.9472790        1       148         0.8810564        3
    40         4.1765203        1       149         1.0769072        3
    41         4.2723140        1       150         1.4475533        3
    42         4.3818853        1       151         1.5537240        3
    43         4.5353979        1       152         1.8056619        3
    44         5.0138249        1       153         1.9685926        3
    45         5.1524141        1       154         2.2519114        3
    46         5.8538602        1       155         2.3250419        3
    47         5.9010628        1       156         2.3632298        3
    48         6.2326323        1       157         2.5980003        3
    49         6.3058480        1       158         2.8323483        3
    50         6.5907477        1       159         3.7508827        3
    51         7.0560569        1       160         4.0827081        3
    52         7.3513530        1       161         4.2105678        3
    53         7.7957714        1       162         4.2841529        3
    54         8.2568983        1       163         4.7638252        3
    55        10.5212262        1       164         5.1306228        3
    56        10.6018701        1       165         5.8165340        3
    57        11.1356271        1       166         6.1365249        3
    58        11.1576858        1       167         6.3285338        3
    59        11.6241347        1       168         6.4435781        3
    60        12.2931596        1       169         7.4941437        3
    61        12.8787614        1       170         8.4904974        3
    62        13.3187361        1       171        10.1227094        3
    63        15.6009290        1       172        10.8826099        3
    64        18.0448254        1       173        11.3739341        3
    65        20.6807692        1       174        11.8549529        3
    66        26.5392000        1       175        12.6475808        3
    67        28.2467882        1       176        14.1879211        3
    68        35.0154202        1       177        19.4160454        3
    69        36.8474129        1       178        27.0291796        3
    70        47.1236018        1       179        33.7976507        3
    71        48.5922247        1       180        47.7278535        3
    72        64.2381064        1       181        66.8592496        3
    73        67.8349868        1       182        98.6770221        3
    74        98.6999523        1       183        98.7691850        3
    75        98.7804757        1       184       103.2842918        3
    76       103.3352945        1       185       103.3629583        3
    77       103.4260969        1       186       115.4304806        3
    78       115.1913647        1       187       117.0461032        3
    79       116.0483727        1       188       198.9077019        3
    80       118.0848926        1       189       225.2709252        3
    81       122.9347951        1       190       395.5041242        3
    82       198.5801810        1       191         0.2278949        4
    83       199.3409480        1       192         0.5345933        4
    84       216.7155425        1       193         0.7686021        4
    85       226.0695995        1       194         0.8911365        4
    86       396.3604089        1       195         1.5176128        4
    87       509.4652053        1       196         1.7690345        4
    88       895.5470047        1       197         2.1056531        4
    89         0.0627927        2       198         2.1960119        4
    90         0.1411523        2       199         2.3644807        4
    91         0.1668121        2       200         3.0094085        4
    92         0.3207429        2       201         3.7237152        4
    93         0.3958133        2       202         4.1765203        4
    94         0.6231225        2       203         4.3818853        4
    95         0.7487798        2       204         5.1524141        4
    96         0.8234492        2       205         5.9010628        4
    97         0.8810564        2       206         6.3058480        4
    98         1.0769072        2       207         6.5907477        4
    99         1.4475533        2       208         7.3513530        4
   100         1.5537240        2       209        10.6018701        4
   101         1.8056619        2       210        11.1356271        4
   102         1.9685926        2       211        12.2931596        4
   103         2.2519114        2       212        12.8787614        4
   104         2.3250419        2       213        26.5392000        4
   105         2.3632298        2       214        47.1236018        4
   106         2.5980003        2       215        98.6999523        4
   107         2.8323483        2       216       103.3352945        4
   108         3.7508827        2       217       115.1913647        4
   109         4.0827081        2       218       198.5801810        4
------------------------------------------------------------------------
  -20.6652459550577       -11.3603695875247       -1.52174161501647     
 -0.804642822341531      -0.554955169948697      -0.640354077821262     
 -0.640354077821269       6.009315772972749E-002  7.468389586820041E-002
  0.156317606832548       0.227894868822915       0.228025545008461     
  0.301259484479043       0.391756781413571       0.508372931085844     
  0.534593284763256       0.645141171356751       0.768602124324703     
  0.779937723167750       0.872358405170417       0.891136542827499     
  0.910556682684538        1.19583226472794        1.47429197376614     
   1.51761282108592        1.66727975079162        1.76903454981243     
   1.77072735702306        2.10565305270705        2.13541896916913     
   2.19601186239776        2.31576891864757        2.36448069984392     
   2.48674445512642        2.94262003998330        3.00940854214187     
   3.47508793059955        3.72371515758559        3.94727900396954     
   4.17652033185041        4.27231395633973        4.38188529482582     
   4.53539785902626        5.01382491757748        5.15241409766120     
   5.85386018010115        5.90106277641466        6.23263232275999     
   6.30584795496481        6.59074772159329        7.05605694476713     
   7.35135299067906        7.79577142734594        8.25689829882592     
   10.5212262156683        10.6018701008237        11.1356271340591     
   11.1576857946375        11.6241347069743        12.2931595953469     
   12.8787613761886        13.3187360908248        15.6009289949752     
   18.0448253687115        20.6807692434742        26.5391999775002     
   28.2467882092816        35.0154201917891        36.8474128914017     
   47.1236018219744        48.5922247078243        64.2381064415175     
   67.8349868460265        98.6999523176490        98.7804757114972     
   103.335294522035        103.426096939415        115.191364697705     
   116.048372662630        118.084892558763        122.934795104426     
   198.580181001696        199.340948049554        216.715542536587     
   226.069599452221        396.360408926570        509.465205317901     
   895.547004700232       6.279274955825125E-002  0.141152342810813     
  0.166812145853429       0.320742903632105       0.395813284091816     
  0.623122484433846       0.748779790505513       0.823449246306015     
  0.881056418827767        1.07690718445239        1.44755333760425     
   1.55372403632336        1.80566185359011        1.96859262772168     
   2.25191139276406        2.32504191989670        2.36322982645569     
   2.59800032080647        2.83234831987009        3.75088267919093     
   4.08270805949534        4.21056776932554        4.28415288908112     
   4.76382517716820        5.13062281869032        5.81653395387773     
   6.13652494269738        6.32853376620077        6.44357814609904     
   7.49414365078505        8.49049740113063        10.1227094111197     
   10.8826099063437        11.3739341169751        11.8549528682800     
   12.6475807577969        14.1879210855222        19.4160453536290     
   27.0291796018323        33.7976506854598        47.7278534668892     
   66.8592496281961        98.6770221239747        98.7691850398925     
   103.284291773530        103.362958335885        115.430480644018     
   117.046103172579        198.907701866663        225.270925226330     
   395.504124163313       6.279274955824639E-002  0.141152342810783     
  0.166812145853457       0.320742903631928       0.395813284091354     
  0.623122484433876       0.748779790505508       0.823449246305408     
  0.881056418826344        1.07690718445199        1.44755333760424     
   1.55372403632346        1.80566185358987        1.96859262771933     
   2.25191139276407        2.32504191989662        2.36322982645569     
   2.59800032080638        2.83234831987034        3.75088267918899     
   4.08270805949532        4.21056776932550        4.28415288908116     
   4.76382517716520        5.13062281869106        5.81653395387854     
   6.13652494269737        6.32853376620055        6.44357814609904     
   7.49414365078474        8.49049740112976        10.1227094111267     
   10.8826099063436        11.3739341169748        11.8549528682799     
   12.6475807577970        14.1879210855241        19.4160453536358     
   27.0291796018315        33.7976506855027        47.7278534668902     
   66.8592496282031        98.6770221239749        98.7691850398930     
   103.284291773530        103.362958335885        115.430480644018     
   117.046103172612        198.907701866660        225.270925226338     
   395.504124163334       0.227894868822896       0.534593284763067     
  0.768602124324776       0.891136542828156        1.51761282108595     
   1.76903454981569        2.10565305270703        2.19601186239794     
   2.36448069984406        3.00940854214934        3.72371515758559     
   4.17652033185143        4.38188529482712        5.15241409766160     
   5.90106277641465        6.30584795496532        6.59074772159158     
   7.35135299067786        10.6018701008235        11.1356271340608     
   12.2931595953435        12.8787613761906        26.5391999774958     
   47.1236018219784        98.6999523176493        103.335294522054     
   115.191364697706        198.580181001701     
 @CHECKOUT-I, Total execution time (CPU/WALL):       32.59/      20.05 seconds.
--executable xvtran finished with status     0 in       20.07 seconds (walltime).
 --invoking executable--
/nfs/workspaces/public/cfour_mpi/bin/xintprc
 @GETMEM-I,  Allocated    3814 MB of main memory.
  Processing integrals for CCSD calculation.
  @GMOIAA-I, Processing MO integrals for spin case AA.
  @GMOIAA-I, Generation of integral list completed.
                      TYPE                NUMBER
                      ----               --------
                      PPPP              61073169
                      PPPH               8000913
                      PPHH                275032
                      PHPH                163812
                      PHHH                 12279
                      HHHH                   184

                     TOTAL              69525389

  @FORMT2-I, Second-order MP correlation energies:
            ------------------------------------------------
            E(SCF)                  =   -112.789281333722 a.u.
            E2(AA)                  =     -0.053092290255 a.u.
            E2(AB)                  =     -0.389416609074 a.u.
            E2(TOT)                 =     -0.495601189584 a.u.
            Total MP2 energy        =   -113.284882523306 a.u.
            ------------------------------------------------
   Largest T2 amplitudes for spin case AB:
       _       _                 _       _                 _       _
   i   j   a   b             i   j   a   b             i   j   a   b
-----------------------------------------------------------------------------
[  6   6  90  90]-0.03396 [  7   7 141 141]-0.03396 [  7   6 141  90]-0.02729
[  6   7  90 141]-0.02729 [  5   5  90  90]-0.02694 [  5   5 141 141]-0.02694
[  6   6  91  90]-0.02095 [  6   6  90  91]-0.02095 [  7   7 142 141]-0.02095
[  7   7 141 142]-0.02095 [  4   4  23  23]-0.01716 [  7   6 141  91]-0.01695
[  6   7  91 141]-0.01695 [  7   6 142  90]-0.01695 [  6   7  90 142]-0.01695
-----------------------------------------------------------------------------
   Norm of T2AB vector (   580605 symmetry allowed elements):  0.2835275467.
-----------------------------------------------------------------------------
 @CHECKOUT-I, Total execution time (CPU/WALL):        8.16/      12.77 seconds.
--executable xintprc finished with status     0 in       12.81 seconds (walltime).
  calling xvcc 
 --invoking executable--
/nfs/workspaces/public/cfour_mpi/bin/xvcc
 @GETMEM-I,  Allocated    3814 MB of main memory.
   CCSD energy will be calculated.
   The total correlation energy is -0.495601189584 a.u.
   The total correlation energy is -0.480569539925 a.u.
  Convergence information after     1 iterations: 
  Largest element of residual vector :  0.23827753E-01.
  Largest element of DIIS residual   :  0.23827753E-01.
   The total correlation energy is -0.496729585316 a.u.
  Convergence information after     2 iterations: 
  Largest element of residual vector : -0.54455748E-02.
  Largest element of DIIS residual   : -0.41071979E-02.
   The total correlation energy is -0.494845910098 a.u.
  Convergence information after     3 iterations: 
  Largest element of residual vector :  0.41314848E-02.
  Largest element of DIIS residual   :  0.24422494E-02.
   The total correlation energy is -0.496259684779 a.u.
  Convergence information after     4 iterations: 
  Largest element of residual vector :  0.53131591E-03.
  Largest element of DIIS residual   :  0.38030719E-03.
   The total correlation energy is -0.496496479598 a.u.
  Convergence information after     5 iterations: 
  Largest element of residual vector :  0.26323789E-03.
  Largest element of DIIS residual   :  0.58013777E-04.
   The total correlation energy is -0.496485640953 a.u.
  Convergence information after     6 iterations: 
  Largest element of residual vector :  0.52373773E-04.
  Largest element of DIIS residual   :  0.24434042E-04.
   The total correlation energy is -0.496489288723 a.u.
  Convergence information after     7 iterations: 
  Largest element of residual vector :  0.15980825E-04.
  Largest element of DIIS residual   :  0.59333525E-05.
   The total correlation energy is -0.496489978167 a.u.
  Convergence information after     8 iterations: 
  Largest element of residual vector :  0.62460217E-05.
  Largest element of DIIS residual   :  0.31147787E-05.
   The total correlation energy is -0.496490195511 a.u.
  Convergence information after     9 iterations: 
  Largest element of residual vector :  0.97728528E-06.
  Largest element of DIIS residual   :  0.72297133E-06.
   The total correlation energy is -0.496490426998 a.u.
  Convergence information after    10 iterations: 
  Largest element of residual vector :  0.63011515E-06.
  Largest element of DIIS residual   :  0.31194720E-06.
   The total correlation energy is -0.496490462877 a.u.
  Convergence information after    11 iterations: 
  Largest element of residual vector :  0.10184757E-06.
  Largest element of DIIS residual   :  0.89133606E-07.
   The total correlation energy is -0.496490493371 a.u.
  Convergence information after    12 iterations: 
  Largest element of residual vector :  0.57235776E-07.
  Largest element of DIIS residual   :  0.26188768E-07.
   The total correlation energy is -0.496490500646 a.u.
  Convergence information after    13 iterations: 
  Largest element of residual vector :  0.21291738E-07.
  Largest element of DIIS residual   :  0.11768566E-07.
   The total correlation energy is -0.496490503673 a.u.
  Convergence information after    14 iterations: 
  Largest element of residual vector : -0.54784126E-08.
  Largest element of DIIS residual   : -0.44138936E-08.
   The total correlation energy is -0.496490503878 a.u.
  Convergence information after    15 iterations: 
  Largest element of residual vector :  0.38003692E-08.
  Largest element of DIIS residual   :  0.22950745E-08.
   The total correlation energy is -0.496490504178 a.u.
  Convergence information after    16 iterations: 
  Largest element of residual vector :  0.61770028E-09.
  Largest element of DIIS residual   :  0.48359209E-09.
   The total correlation energy is -0.496490504164 a.u.
  Convergence information after    17 iterations: 
  Largest element of residual vector :  0.54226070E-09.
  Largest element of DIIS residual   :  0.26403982E-09.
   The total correlation energy is -0.496490504209 a.u.
  Convergence information after    18 iterations: 
  Largest element of residual vector :  0.93423157E-10.
  Largest element of DIIS residual   : -0.87593305E-10.
   The total correlation energy is -0.496490504203 a.u.
  Convergence information after    19 iterations: 
  Largest element of residual vector :  0.52312807E-10.
  Largest element of DIIS residual   : -0.31333676E-10.
   The total correlation energy is -0.496490504209 a.u.
  Convergence information after    20 iterations: 
  Largest element of residual vector :  0.15420137E-10.
  Largest element of DIIS residual   :  0.90854897E-11.
   The total correlation energy is -0.496490504210 a.u.
  Convergence information after    21 iterations: 
  Largest element of residual vector :  0.55237689E-11.
  Largest element of DIIS residual   : -0.35764314E-11.
   The total correlation energy is -0.496490504211 a.u.
  Convergence information after    22 iterations: 
  Largest element of residual vector :  0.23026858E-11.
  Largest element of DIIS residual   :  0.17513142E-11.
   The total correlation energy is -0.496490504211 a.u.
  Convergence information after    23 iterations: 
  Largest element of residual vector : -0.87831652E-12.
  Largest element of DIIS residual   : -0.60932327E-12.
   The total correlation energy is -0.496490504211 a.u.
  Convergence information after    24 iterations: 
  Largest element of residual vector :  0.58500774E-12.
  Largest element of DIIS residual   :  0.51074434E-12.
   The total correlation energy is -0.496490504211 a.u.
  Convergence information after    25 iterations: 
  Largest element of residual vector :  0.13418780E-12.
  Largest element of DIIS residual   :  0.12523529E-12.
   The total correlation energy is -0.496490504211 a.u.
  Convergence information after    26 iterations: 
  Largest element of residual vector :  0.98410863E-13.
  Largest element of DIIS residual   :  0.60436379E-13.
   The total correlation energy is -0.496490504211 a.u.
  Convergence information after    27 iterations: 
  Largest element of residual vector : -0.24154940E-13.
  Largest element of DIIS residual   : -0.18421512E-13.
   The total correlation energy is -0.496490504211 a.u.
  Convergence information after    28 iterations: 
  Largest element of residual vector :  0.10706713E-13.
  Largest element of DIIS residual   : -0.67444495E-14.
   The total correlation energy is -0.496490504211 a.u.
  Convergence information after    29 iterations: 
  Largest element of residual vector : -0.28883146E-14.
  Largest element of DIIS residual   :  0.24228801E-14.
  Amplitude equations converged in    29iterations.
   The total correlation energy is -0.496490504211 a.u.
   The CC iterations have converged.

   Largest T1 amplitudes for spin case AA:
   i       a                 i       a                 i       a    
-----------------------------------------------------------------------------
[  7     141    ] 0.02675 [  6      90    ] 0.02675 [  7     144    ] 0.01572
[  6      93    ] 0.01572 [  6      91    ] 0.00897 [  7     142    ] 0.00897
[  6      97    ] 0.00869 [  7     148    ] 0.00869 [  5      12    ]-0.00812
[  7     140    ] 0.00805 [  6      89    ] 0.00805 [  5      22    ] 0.00694
[  6     106    ] 0.00681 [  7     157    ] 0.00681 [  5      17    ] 0.00609
-----------------------------------------------------------------------------
   Norm of T1AA vector (      507 symmetry allowed elements):  0.0572645567.
-----------------------------------------------------------------------------
   Largest T2 amplitudes for spin case AB:
       _       _                 _       _                 _       _
   i   j   a   b             i   j   a   b             i   j   a   b
-----------------------------------------------------------------------------
[  5   5  90  90]-0.03971 [  5   5 141 141]-0.03971 [  6   6  90  90]-0.03672
[  7   7 141 141]-0.03672 [  7   6 141  90]-0.02487 [  6   7  90 141]-0.02487
[  6   6  91  90]-0.02319 [  6   6  90  91]-0.02319 [  7   7 142 141]-0.02319
[  7   7 141 142]-0.02319 [  5   5  91  90]-0.01919 [  5   5  90  91]-0.01919
[  5   5 142 141]-0.01919 [  5   5 141 142]-0.01919 [  5   5  17  17]-0.01909
-----------------------------------------------------------------------------
   Norm of T2AB vector (   580605 symmetry allowed elements):  0.3064389251.
-----------------------------------------------------------------------------
       Summary of iterative solution of CC equations 
      -----------------------------------------------------------
                       Correlation           Total
       Iteration         Energy              Energy
      -----------------------------------------------------------
            0        -0.495601189584    -113.284882523306  DIIS 
            1        -0.480569539925    -113.269850873646  DIIS 
            2        -0.496729585316    -113.286010919038  DIIS 
            3        -0.494845910098    -113.284127243820  DIIS 
            4        -0.496259684779    -113.285541018501  DIIS 
            5        -0.496496479598    -113.285777813319  DIIS 
            6        -0.496485640953    -113.285766974674  DIIS 
            7        -0.496489288723    -113.285770622445  DIIS 
            8        -0.496489978167    -113.285771311889  DIIS 
            9        -0.496490195511    -113.285771529233  DIIS 
           10        -0.496490426998    -113.285771760720  DIIS 
           11        -0.496490462877    -113.285771796599  DIIS 
           12        -0.496490493371    -113.285771827093  DIIS 
           13        -0.496490500646    -113.285771834368  DIIS 
           14        -0.496490503673    -113.285771837395  DIIS 
           15        -0.496490503878    -113.285771837600  DIIS 
           16        -0.496490504178    -113.285771837900  DIIS 
           17        -0.496490504164    -113.285771837886  DIIS 
           18        -0.496490504209    -113.285771837931  DIIS 
           19        -0.496490504203    -113.285771837925  DIIS 
           20        -0.496490504209    -113.285771837931  DIIS 
           21        -0.496490504210    -113.285771837932  DIIS 
           22        -0.496490504211    -113.285771837933  DIIS 
           23        -0.496490504211    -113.285771837933  DIIS 
           24        -0.496490504211    -113.285771837933  DIIS 
           25        -0.496490504211    -113.285771837933  DIIS 
           26        -0.496490504211    -113.285771837933  DIIS 
           27        -0.496490504211    -113.285771837933  DIIS 
           28        -0.496490504211    -113.285771837933  DIIS 
           29        -0.496490504211    -113.285771837933  DIIS 
      -----------------------------------------------------------
      A miracle has come to pass. The CC iterations have converged.
      The reference energy is      -112.78928133372189 a.u.
      The correlation energy is      -0.49649050421137 a.u.
      The total energy is          -113.28577183793325 a.u.
 @CHECKOUT-I, Total execution time (CPU/WALL):      371.40/      53.64 seconds.
--executable xvcc finished with status     0 in       53.67 seconds (walltime).
  The final electronic energy is      -113.285771837933254 a.u. 
  This computation required                          108.78 seconds (walltime).
